INFO: [VRFC 10-163] Analyzing VHDL file "R:/work/FORTE/FPGA/fabric/vivado2/project_1.srcs/sources_1/ip/xadc_wiz_0/xadc_wiz_0_drp_to_axi_stream.vhd" into library xil_defaultlib
INFO: [VRFC 10-307] analyzing entity drp_to_axi4stream
INFO: [VRFC 10-163] Analyzing VHDL file "R:/work/FORTE/FPGA/fabric/vivado2/project_1.srcs/sources_1/ip/xadc_wiz_0/xadc_wiz_0_xadc_core_drp.vhd" into library xil_defaultlib
INFO: [VRFC 10-307] analyzing entity xadc_wiz_0_xadc_core_drp
INFO: [VRFC 10-163] Analyzing VHDL file "R:/work/FORTE/FPGA/fabric/vivado2/project_1.srcs/sources_1/ip/xadc_wiz_0/xadc_wiz_0_axi_xadc.vhd" into library xil_defaultlib
INFO: [VRFC 10-307] analyzing entity xadc_wiz_0_axi_xadc
INFO: [VRFC 10-163] Analyzing VHDL file "R:/work/FORTE/FPGA/fabric/vivado2/project_1.srcs/sources_1/ip/xadc_wiz_0/xadc_wiz_0.vhd" into library xil_defaultlib
INFO: [VRFC 10-307] analyzing entity xadc_wiz_0
INFO: [VRFC 10-163] Analyzing VHDL file "R:/work/FORTE/FPGA/fabric/my_lib.vhdl" into library xil_defaultlib
INFO: [VRFC 10-307] analyzing entity LHD1
INFO: [VRFC 10-307] analyzing entity LHQD1
INFO: [VRFC 10-307] analyzing entity MUX4PTv4
INFO: [VRFC 10-307] analyzing entity MUX16PTv2
INFO: [VRFC 10-163] Analyzing VHDL file "R:/work/FORTE/FPGA/fabric/W_IO_switch_matrix.vhdl" into library xil_defaultlib
INFO: [VRFC 10-307] analyzing entity W_IO_switch_matrix
INFO: [VRFC 10-163] Analyzing VHDL file "R:/work/FORTE/FPGA/fabric/S_term_single_switch_matrix.vhdl" into library xil_defaultlib
INFO: [VRFC 10-307] analyzing entity S_term_single_switch_matrix
INFO: [VRFC 10-163] Analyzing VHDL file "R:/work/FORTE/FPGA/fabric/OutPass4_frame_config.vhdl" into library xil_defaultlib
INFO: [VRFC 10-307] analyzing entity OutPass4_frame_config
INFO: [VRFC 10-163] Analyzing VHDL file "R:/work/FORTE/FPGA/fabric/N_term_single_switch_matrix.vhdl" into library xil_defaultlib
INFO: [VRFC 10-307] analyzing entity N_term_single_switch_matrix
INFO: [VRFC 10-163] Analyzing VHDL file "R:/work/FORTE/FPGA/fabric/LUT4AB_switch_matrix.vhdl" into library xil_defaultlib
INFO: [VRFC 10-307] analyzing entity LUT4AB_switch_matrix
INFO: [VRFC 10-163] Analyzing VHDL file "R:/work/FORTE/FPGA/fabric/IO_1_bidirectional_frame_config.vhdl" into library xil_defaultlib
INFO: [VRFC 10-307] analyzing entity IO_1_bidirectional_frame_config
ERROR: [VRFC 10-91] confout is not declared [R:/work/FORTE/FPGA/fabric/IO_1_bidirectional_frame_config.vhdl:38]
ERROR: [VRFC 10-1504] unit behavioral ignored due to previous errors [R:/work/FORTE/FPGA/fabric/IO_1_bidirectional_frame_config.vhdl:24]
INFO: [VRFC 10-240] VHDL file R:/work/FORTE/FPGA/fabric/IO_1_bidirectional_frame_config.vhdl ignored due to errors
INFO: [VRFC 10-163] Analyzing VHDL file "R:/work/FORTE/FPGA/fabric/InPass4_frame_config.vhdl" into library xil_defaultlib
INFO: [VRFC 10-307] analyzing entity InPass4_frame_config
INFO: [VRFC 10-163] Analyzing VHDL file "R:/work/FORTE/FPGA/fabric/CPU_IO_switch_matrix.vhdl" into library xil_defaultlib
INFO: [VRFC 10-307] analyzing entity CPU_IO_switch_matrix
INFO: [VRFC 10-163] Analyzing VHDL file "R:/work/FORTE/FPGA/fabric/W_IO_tile.vhdl" into library xil_defaultlib
INFO: [VRFC 10-307] analyzing entity W_IO
INFO: [VRFC 10-163] Analyzing VHDL file "R:/work/FORTE/FPGA/fabric/S_term_single_tile.vhdl" into library xil_defaultlib
INFO: [VRFC 10-307] analyzing entity S_term_single
INFO: [VRFC 10-163] Analyzing VHDL file "R:/work/FORTE/FPGA/fabric/N_term_single_tile.vhdl" into library xil_defaultlib
INFO: [VRFC 10-307] analyzing entity N_term_single
INFO: [VRFC 10-163] Analyzing VHDL file "R:/work/FORTE/FPGA/fabric/LUT4AB_tile.vhdl" into library xil_defaultlib
INFO: [VRFC 10-307] analyzing entity LUT4AB
INFO: [VRFC 10-163] Analyzing VHDL file "R:/work/FORTE/FPGA/fabric/CPU_IO_tile.vhdl" into library xil_defaultlib
INFO: [VRFC 10-307] analyzing entity CPU_IO
INFO: [VRFC 10-163] Analyzing VHDL file "R:/work/FORTE/FPGA/fabric/fabric.vhdl" into library xil_defaultlib
INFO: [VRFC 10-307] analyzing entity eFPGA
INFO: [VRFC 10-163] Analyzing VHDL file "R:/work/FORTE/FPGA/fabric/W_term_switch_matrix.vhdl" into library xil_defaultlib
INFO: [VRFC 10-307] analyzing entity W_term_switch_matrix
INFO: [VRFC 10-163] Analyzing VHDL file "R:/work/FORTE/FPGA/fabric/W_term_single_switch_matrix.vhdl" into library xil_defaultlib
INFO: [VRFC 10-307] analyzing entity W_term_single_switch_matrix
INFO: [VRFC 10-163] Analyzing VHDL file "R:/work/FORTE/FPGA/fabric/E_term_switch_matrix.vhdl" into library xil_defaultlib
INFO: [VRFC 10-307] analyzing entity E_term_switch_matrix
INFO: [VRFC 10-163] Analyzing VHDL file "R:/work/FORTE/FPGA/fabric/E_term_single_switch_matrix.vhdl" into library xil_defaultlib
INFO: [VRFC 10-307] analyzing entity E_term_single_switch_matrix
INFO: [VRFC 10-163] Analyzing VHDL file "R:/work/FORTE/FPGA/fabric/COM_config/com_conf.vhd" into library xil_defaultlib
INFO: [VRFC 10-307] analyzing entity com_conf
INFO: [VRFC 10-163] Analyzing VHDL file "R:/work/FORTE/FPGA/fabric/W_term_tile.vhdl" into library xil_defaultlib
INFO: [VRFC 10-307] analyzing entity W_term
INFO: [VRFC 10-163] Analyzing VHDL file "R:/work/FORTE/FPGA/fabric/W_term_single_tile.vhdl" into library xil_defaultlib
INFO: [VRFC 10-307] analyzing entity W_term_single
INFO: [VRFC 10-163] Analyzing VHDL file "R:/work/FORTE/FPGA/fabric/OutPassRES2.vhdl" into library xil_defaultlib
INFO: [VRFC 10-307] analyzing entity OutPassRES2
INFO: [VRFC 10-163] Analyzing VHDL file "R:/work/FORTE/FPGA/fabric/OutPassRES1.vhdl" into library xil_defaultlib
INFO: [VRFC 10-307] analyzing entity OutPassRES1
INFO: [VRFC 10-163] Analyzing VHDL file "R:/work/FORTE/FPGA/fabric/OutPassRES0.vhdl" into library xil_defaultlib
INFO: [VRFC 10-307] analyzing entity OutPassRES0
INFO: [VRFC 10-163] Analyzing VHDL file "R:/work/FORTE/FPGA/fabric/OutPassFlop2.vhdl" into library xil_defaultlib
INFO: [VRFC 10-307] analyzing entity OutPassFlop2
ERROR: [VRFC 10-91] i0 is not declared [R:/work/FORTE/FPGA/fabric/OutPassFlop2.vhdl:66]
ERROR: [VRFC 10-91] i1 is not declared [R:/work/FORTE/FPGA/fabric/OutPassFlop2.vhdl:67]
ERROR: [VRFC 10-1504] unit behavioral ignored due to previous errors [R:/work/FORTE/FPGA/fabric/OutPassFlop2.vhdl:28]
INFO: [VRFC 10-240] VHDL file R:/work/FORTE/FPGA/fabric/OutPassFlop2.vhdl ignored due to errors
INFO: [VRFC 10-163] Analyzing VHDL file "R:/work/FORTE/FPGA/fabric/OutPass4.vhdl" into library xil_defaultlib
INFO: [VRFC 10-307] analyzing entity OutPass4
INFO: [VRFC 10-163] Analyzing VHDL file "R:/work/FORTE/FPGA/fabric/MUX8LUT_latch_config.vhdl" into library xil_defaultlib
INFO: [VRFC 10-307] analyzing entity MUX8LUT_latch_config
INFO: [VRFC 10-163] Analyzing VHDL file "R:/work/FORTE/FPGA/fabric/MUX8LUT.vhdl" into library xil_defaultlib
INFO: [VRFC 10-307] analyzing entity MUX8LUT
INFO: [VRFC 10-163] Analyzing VHDL file "R:/work/FORTE/FPGA/fabric/LUT4c_latch_config.vhdl" into library xil_defaultlib
INFO: [VRFC 10-307] analyzing entity LUT4c_latch_config
INFO: [VRFC 10-163] Analyzing VHDL file "R:/work/FORTE/FPGA/fabric/LUT4c.vhdl" into library xil_defaultlib
INFO: [VRFC 10-307] analyzing entity LUT4c
INFO: [VRFC 10-163] Analyzing VHDL file "R:/work/FORTE/FPGA/fabric/IO_1_bidirectional.vhdl" into library xil_defaultlib
INFO: [VRFC 10-307] analyzing entity IO_1_bidirectional
INFO: [VRFC 10-163] Analyzing VHDL file "R:/work/FORTE/FPGA/fabric/InPassOPB.vhdl" into library xil_defaultlib
INFO: [VRFC 10-307] analyzing entity InPassOPB
INFO: [VRFC 10-163] Analyzing VHDL file "R:/work/FORTE/FPGA/fabric/InPassOPA.vhdl" into library xil_defaultlib
INFO: [VRFC 10-307] analyzing entity InPassOPA
INFO: [VRFC 10-163] Analyzing VHDL file "R:/work/FORTE/FPGA/fabric/InPassFlop4.vhdl" into library xil_defaultlib
INFO: [VRFC 10-307] analyzing entity InPassFlop4
ERROR: [VRFC 10-91] i0 is not declared [R:/work/FORTE/FPGA/fabric/InPassFlop4.vhdl:84]
ERROR: [VRFC 10-91] i1 is not declared [R:/work/FORTE/FPGA/fabric/InPassFlop4.vhdl:85]
ERROR: [VRFC 10-91] i2 is not declared [R:/work/FORTE/FPGA/fabric/InPassFlop4.vhdl:86]
ERROR: [VRFC 10-91] i3 is not declared [R:/work/FORTE/FPGA/fabric/InPassFlop4.vhdl:87]
ERROR: [VRFC 10-1504] unit behavioral ignored due to previous errors [R:/work/FORTE/FPGA/fabric/InPassFlop4.vhdl:32]
INFO: [VRFC 10-240] VHDL file R:/work/FORTE/FPGA/fabric/InPassFlop4.vhdl ignored due to errors
INFO: [VRFC 10-163] Analyzing VHDL file "R:/work/FORTE/FPGA/fabric/InPassFlop2.vhdl" into library xil_defaultlib
INFO: [VRFC 10-307] analyzing entity InPassFlop2
INFO: [VRFC 10-163] Analyzing VHDL file "R:/work/FORTE/FPGA/fabric/E_term_tile.vhdl" into library xil_defaultlib
INFO: [VRFC 10-307] analyzing entity E_term
INFO: [VRFC 10-163] Analyzing VHDL file "R:/work/FORTE/FPGA/fabric/E_term_single_tile.vhdl" into library xil_defaultlib
INFO: [VRFC 10-307] analyzing entity E_term_single
INFO: [VRFC 10-163] Analyzing VHDL file "R:/work/FORTE/FPGA/fabric/COM_config/conf_contr.vhd" into library xil_defaultlib
INFO: [VRFC 10-307] analyzing entity conf_contr
INFO: [VRFC 10-163] Analyzing VHDL file "R:/work/FORTE/FPGA/fabric/CPU_IO_ConfigMem.vhdl" into library xil_defaultlib
INFO: [VRFC 10-307] analyzing entity CPU_IO_ConfigMem
INFO: [VRFC 10-163] Analyzing VHDL file "R:/work/FORTE/FPGA/fabric/LUT4AB_ConfigMem.vhdl" into library xil_defaultlib
INFO: [VRFC 10-307] analyzing entity LUT4AB_ConfigMem
INFO: [VRFC 10-163] Analyzing VHDL file "R:/work/FORTE/FPGA/fabric/eFPGA_top.vhd" into library xil_defaultlib
INFO: [VRFC 10-307] analyzing entity eFPGA_top
INFO: [VRFC 10-163] Analyzing VHDL file "R:/work/FORTE/FPGA/fabric/LUT4c_frame_config.vhdl" into library xil_defaultlib
INFO: [VRFC 10-307] analyzing entity LUT4c_frame_config
INFO: [VRFC 10-163] Analyzing VHDL file "R:/work/FORTE/FPGA/fabric/MUX8LUT_frame_config.vhdl" into library xil_defaultlib
INFO: [VRFC 10-307] analyzing entity MUX8LUT_frame_config
INFO: [VRFC 10-163] Analyzing VHDL file "R:/work/FORTE/FPGA/fabric/tb_eFPGA_top.vhd" into library xil_defaultlib
INFO: [VRFC 10-307] analyzing entity tb_eFPGA_top
